<?xml version="1.0" encoding="UTF-8"?>
<!-- Generated by org.testng.reporters.JUnitReportReporter -->
<testsuite skipped="0" hostname="LIN86000477" name="TestMethods.CreateTemplates" tests="1" failures="0" timestamp="19 Feb 2021 10:05:42 GMT" time="303.899" errors="0">
  <testcase name="SCTemplate4000" time="303.899" classname="TestMethods.CreateTemplates"/>
</testsuite> <!-- TestMethods.CreateTemplates -->
