<?xml version="1.0" encoding="UTF-8"?>
<!-- Generated by org.testng.reporters.JUnitReportReporter -->
<testsuite skipped="0" hostname="LIN86000477" name="TestMethods.AutomateTestPDFs" tests="1" failures="0" timestamp="19 Feb 2021 09:48:06 GMT" time="34.583" errors="0">
  <testcase name="Comparetemplate1113" time="34.583" classname="TestMethods.AutomateTestPDFs"/>
</testsuite> <!-- TestMethods.AutomateTestPDFs -->
