<?xml version="1.0" encoding="UTF-8"?>
<!-- Generated by org.testng.reporters.JUnitReportReporter -->
<testsuite skipped="0" hostname="LIN86000477" name="GWCCAutomatePDF.GWCCAutomatePDF.testprojectclass" tests="1" failures="0" timestamp="11 Feb 2021 04:50:35 GMT" time="0.011" errors="0">
  <testcase name="sampletestinguk" time="0.011" classname="GWCCAutomatePDF.GWCCAutomatePDF.testprojectclass"/>
</testsuite> <!-- GWCCAutomatePDF.GWCCAutomatePDF.testprojectclass -->
